[I 250624 01:43:45 websocket:47] WebSocket opened
[W 250624 01:47:06 websocket:56] WebSocket closed
[I 250624 01:47:54 websocket:47] WebSocket opened
[W 250624 01:54:29 websocket:56] WebSocket closed
[I 250624 01:56:50 websocket:47] WebSocket opened
[W 250624 01:59:59 smartWebSocketV2:318] Attempting to resubscribe/reconnect (Attempt 1)...
[I 250624 02:00:09 websocket:47] WebSocket opened
[I 250624 05:30:39 websocket:47] WebSocket opened
[W 250624 05:32:07 websocket:56] WebSocket closed
[W 250624 05:33:25 smartWebSocketV2:318] Attempting to resubscribe/reconnect (Attempt 1)...
[E 250624 05:33:46 websocket:55] WebSocket error
    Traceback (most recent call last):
      File "C:\Users\BRIJRAJSINH GOHIL\OneDrive\Desktop\Automation\backend\Trade_Automation\venv\Lib\site-packages\websocket\_http.py", line 176, in _get_addrinfo_list
        addrinfo_list = socket.getaddrinfo(
                        ^^^^^^^^^^^^^^^^^^^
      File "C:\Python311\Lib\socket.py", line 962, in getaddrinfo
        for res in _socket.getaddrinfo(host, port, family, type, proto, flags):
                   ^^^^^^^^^^^^^^^^^^^^^^^^^^^^^^^^^^^^^^^^^^^^^^^^^^^^^^^^^^^
    socket.gaierror: [Errno 11001] getaddrinfo failed
    
    During handling of the above exception, another exception occurred:
    
    Traceback (most recent call last):
      File "C:\Users\BRIJRAJSINH GOHIL\OneDrive\Desktop\Automation\backend\Trade_Automation\venv\Lib\site-packages\websocket\_app.py", line 484, in setSock
        self.sock.connect(
      File "C:\Users\BRIJRAJSINH GOHIL\OneDrive\Desktop\Automation\backend\Trade_Automation\venv\Lib\site-packages\websocket\_core.py", line 256, in connect
        self.sock, addrs = connect(
                           ^^^^^^^^
      File "C:\Users\BRIJRAJSINH GOHIL\OneDrive\Desktop\Automation\backend\Trade_Automation\venv\Lib\site-packages\websocket\_http.py", line 137, in connect
        addrinfo_list, need_tunnel, auth = _get_addrinfo_list(
                                           ^^^^^^^^^^^^^^^^^^^
      File "C:\Users\BRIJRAJSINH GOHIL\OneDrive\Desktop\Automation\backend\Trade_Automation\venv\Lib\site-packages\websocket\_http.py", line 191, in _get_addrinfo_list
        raise WebSocketAddressException(e)
    websocket._exceptions.WebSocketAddressException: [Errno 11001] getaddrinfo failed
    
    During handling of the above exception, another exception occurred:
    
    Traceback (most recent call last):
      File "C:\Users\BRIJRAJSINH GOHIL\OneDrive\Desktop\Automation\backend\Trade_Automation\venv\Lib\site-packages\websocket\_http.py", line 176, in _get_addrinfo_list
        addrinfo_list = socket.getaddrinfo(
                        ^^^^^^^^^^^^^^^^^^^
      File "C:\Python311\Lib\socket.py", line 962, in getaddrinfo
        for res in _socket.getaddrinfo(host, port, family, type, proto, flags):
                   ^^^^^^^^^^^^^^^^^^^^^^^^^^^^^^^^^^^^^^^^^^^^^^^^^^^^^^^^^^^
    socket.gaierror: [Errno 11001] getaddrinfo failed
    
    During handling of the above exception, another exception occurred:
    
    Traceback (most recent call last):
      File "C:\Users\BRIJRAJSINH GOHIL\OneDrive\Desktop\Automation\backend\Trade_Automation\venv\Lib\site-packages\websocket\_app.py", line 484, in setSock
        self.sock.connect(
      File "C:\Users\BRIJRAJSINH GOHIL\OneDrive\Desktop\Automation\backend\Trade_Automation\venv\Lib\site-packages\websocket\_core.py", line 256, in connect
        self.sock, addrs = connect(
                           ^^^^^^^^
      File "C:\Users\BRIJRAJSINH GOHIL\OneDrive\Desktop\Automation\backend\Trade_Automation\venv\Lib\site-packages\websocket\_http.py", line 137, in connect
        addrinfo_list, need_tunnel, auth = _get_addrinfo_list(
                                           ^^^^^^^^^^^^^^^^^^^
      File "C:\Users\BRIJRAJSINH GOHIL\OneDrive\Desktop\Automation\backend\Trade_Automation\venv\Lib\site-packages\websocket\_http.py", line 191, in _get_addrinfo_list
        raise WebSocketAddressException(e)
    websocket._exceptions.WebSocketAddressException: [Errno 11001] getaddrinfo failed
[W 250624 05:33:47 smartWebSocketV2:342] Connection closed due to max retry attempts reached.
[E 250624 05:33:47 websocket:55] WebSocket error
    Traceback (most recent call last):
      File "C:\Users\BRIJRAJSINH GOHIL\OneDrive\Desktop\Automation\backend\Trade_Automation\venv\Lib\site-packages\websocket\_http.py", line 176, in _get_addrinfo_list
        addrinfo_list = socket.getaddrinfo(
                        ^^^^^^^^^^^^^^^^^^^
      File "C:\Python311\Lib\socket.py", line 962, in getaddrinfo
        for res in _socket.getaddrinfo(host, port, family, type, proto, flags):
                   ^^^^^^^^^^^^^^^^^^^^^^^^^^^^^^^^^^^^^^^^^^^^^^^^^^^^^^^^^^^
    socket.gaierror: [Errno 11001] getaddrinfo failed
    
    During handling of the above exception, another exception occurred:
    
    Traceback (most recent call last):
      File "C:\Users\BRIJRAJSINH GOHIL\OneDrive\Desktop\Automation\backend\Trade_Automation\venv\Lib\site-packages\websocket\_app.py", line 484, in setSock
        self.sock.connect(
      File "C:\Users\BRIJRAJSINH GOHIL\OneDrive\Desktop\Automation\backend\Trade_Automation\venv\Lib\site-packages\websocket\_core.py", line 256, in connect
        self.sock, addrs = connect(
                           ^^^^^^^^
      File "C:\Users\BRIJRAJSINH GOHIL\OneDrive\Desktop\Automation\backend\Trade_Automation\venv\Lib\site-packages\websocket\_http.py", line 137, in connect
        addrinfo_list, need_tunnel, auth = _get_addrinfo_list(
                                           ^^^^^^^^^^^^^^^^^^^
      File "C:\Users\BRIJRAJSINH GOHIL\OneDrive\Desktop\Automation\backend\Trade_Automation\venv\Lib\site-packages\websocket\_http.py", line 191, in _get_addrinfo_list
        raise WebSocketAddressException(e)
    websocket._exceptions.WebSocketAddressException: [Errno 11001] getaddrinfo failed
    
    During handling of the above exception, another exception occurred:
    
    Traceback (most recent call last):
      File "C:\Users\BRIJRAJSINH GOHIL\OneDrive\Desktop\Automation\backend\Trade_Automation\venv\Lib\site-packages\websocket\_http.py", line 176, in _get_addrinfo_list
        addrinfo_list = socket.getaddrinfo(
                        ^^^^^^^^^^^^^^^^^^^
      File "C:\Python311\Lib\socket.py", line 962, in getaddrinfo
        for res in _socket.getaddrinfo(host, port, family, type, proto, flags):
                   ^^^^^^^^^^^^^^^^^^^^^^^^^^^^^^^^^^^^^^^^^^^^^^^^^^^^^^^^^^^
    socket.gaierror: [Errno 11001] getaddrinfo failed
    
    During handling of the above exception, another exception occurred:
    
    Traceback (most recent call last):
      File "C:\Users\BRIJRAJSINH GOHIL\OneDrive\Desktop\Automation\backend\Trade_Automation\venv\Lib\site-packages\websocket\_app.py", line 484, in setSock
        self.sock.connect(
      File "C:\Users\BRIJRAJSINH GOHIL\OneDrive\Desktop\Automation\backend\Trade_Automation\venv\Lib\site-packages\websocket\_core.py", line 256, in connect
        self.sock, addrs = connect(
                           ^^^^^^^^
      File "C:\Users\BRIJRAJSINH GOHIL\OneDrive\Desktop\Automation\backend\Trade_Automation\venv\Lib\site-packages\websocket\_http.py", line 137, in connect
        addrinfo_list, need_tunnel, auth = _get_addrinfo_list(
                                           ^^^^^^^^^^^^^^^^^^^
      File "C:\Users\BRIJRAJSINH GOHIL\OneDrive\Desktop\Automation\backend\Trade_Automation\venv\Lib\site-packages\websocket\_http.py", line 191, in _get_addrinfo_list
        raise WebSocketAddressException(e)
    websocket._exceptions.WebSocketAddressException: [Errno 11001] getaddrinfo failed
    
    During handling of the above exception, another exception occurred:
    
    Traceback (most recent call last):
      File "C:\Users\BRIJRAJSINH GOHIL\OneDrive\Desktop\Automation\backend\Trade_Automation\venv\Lib\site-packages\websocket\_app.py", line 672, in _callback
        callback(self, *args)
    TypeError: SmartWebSocketV2._on_close() takes 2 positional arguments but 4 were given
[W 250624 05:33:47 smartWebSocketV2:342] Connection closed due to max retry attempts reached.
[E 250624 05:33:47 websocket:55] WebSocket error
    Traceback (most recent call last):
      File "C:\Users\BRIJRAJSINH GOHIL\OneDrive\Desktop\Automation\backend\Trade_Automation\venv\Lib\site-packages\websocket\_http.py", line 176, in _get_addrinfo_list
        addrinfo_list = socket.getaddrinfo(
                        ^^^^^^^^^^^^^^^^^^^
      File "C:\Python311\Lib\socket.py", line 962, in getaddrinfo
        for res in _socket.getaddrinfo(host, port, family, type, proto, flags):
                   ^^^^^^^^^^^^^^^^^^^^^^^^^^^^^^^^^^^^^^^^^^^^^^^^^^^^^^^^^^^
    socket.gaierror: [Errno 11001] getaddrinfo failed
    
    During handling of the above exception, another exception occurred:
    
    Traceback (most recent call last):
      File "C:\Users\BRIJRAJSINH GOHIL\OneDrive\Desktop\Automation\backend\Trade_Automation\venv\Lib\site-packages\websocket\_app.py", line 484, in setSock
        self.sock.connect(
      File "C:\Users\BRIJRAJSINH GOHIL\OneDrive\Desktop\Automation\backend\Trade_Automation\venv\Lib\site-packages\websocket\_core.py", line 256, in connect
        self.sock, addrs = connect(
                           ^^^^^^^^
      File "C:\Users\BRIJRAJSINH GOHIL\OneDrive\Desktop\Automation\backend\Trade_Automation\venv\Lib\site-packages\websocket\_http.py", line 137, in connect
        addrinfo_list, need_tunnel, auth = _get_addrinfo_list(
                                           ^^^^^^^^^^^^^^^^^^^
      File "C:\Users\BRIJRAJSINH GOHIL\OneDrive\Desktop\Automation\backend\Trade_Automation\venv\Lib\site-packages\websocket\_http.py", line 191, in _get_addrinfo_list
        raise WebSocketAddressException(e)
    websocket._exceptions.WebSocketAddressException: [Errno 11001] getaddrinfo failed
    
    During handling of the above exception, another exception occurred:
    
    Traceback (most recent call last):
      File "C:\Users\BRIJRAJSINH GOHIL\OneDrive\Desktop\Automation\backend\Trade_Automation\venv\Lib\site-packages\websocket\_app.py", line 672, in _callback
        callback(self, *args)
    TypeError: SmartWebSocketV2._on_close() takes 2 positional arguments but 4 were given
[W 250624 05:33:47 smartWebSocketV2:342] Connection closed due to max retry attempts reached.
[W 250624 05:34:11 websocket:56] WebSocket closed
[I 250624 05:34:28 websocket:47] WebSocket opened
[W 250624 05:35:46 websocket:56] WebSocket closed
[I 250624 05:38:09 websocket:47] WebSocket opened
[W 250624 05:38:29 websocket:56] WebSocket closed
[I 250624 05:39:10 websocket:47] WebSocket opened
[I 250624 07:10:01 candle_builder:29] Candle Candle(time=datetime.datetime(2025, 6, 24, 7, 5), open=56059.35, high=56059.35, low=56059.35, close=56059.35)
[I 250624 07:15:02 candle_builder:29] Candle Candle(time=datetime.datetime(2025, 6, 24, 7, 10), open=56059.35, high=56059.35, low=56059.35, close=56059.35)
[I 250624 07:20:01 candle_builder:29] Candle Candle(time=datetime.datetime(2025, 6, 24, 7, 15), open=56059.35, high=56059.35, low=56059.35, close=56059.35)
[I 250624 07:25:01 candle_builder:29] Candle Candle(time=datetime.datetime(2025, 6, 24, 7, 20), open=56059.35, high=56059.35, low=56059.35, close=56059.35)
[I 250624 07:30:01 candle_builder:29] Candle Candle(time=datetime.datetime(2025, 6, 24, 7, 25), open=56059.35, high=56059.35, low=56059.35, close=56059.35)
[I 250624 07:35:01 candle_builder:29] Candle Candle(time=datetime.datetime(2025, 6, 24, 7, 30), open=56059.35, high=56059.35, low=56059.35, close=56059.35)
[I 250624 07:40:01 candle_builder:29] Candle Candle(time=datetime.datetime(2025, 6, 24, 7, 35), open=56059.35, high=56059.35, low=56059.35, close=56059.35)
[I 250624 07:45:01 candle_builder:29] Candle Candle(time=datetime.datetime(2025, 6, 24, 7, 40), open=56059.35, high=56059.35, low=56059.35, close=56059.35)
[I 250624 07:50:01 candle_builder:29] Candle Candle(time=datetime.datetime(2025, 6, 24, 7, 45), open=56059.35, high=56059.35, low=56059.35, close=56059.35)
[I 250624 07:55:01 candle_builder:29] Candle Candle(time=datetime.datetime(2025, 6, 24, 7, 50), open=56059.35, high=56059.35, low=56059.35, close=56059.35)
[I 250624 08:00:01 candle_builder:29] Candle Candle(time=datetime.datetime(2025, 6, 24, 7, 55), open=56059.35, high=56059.35, low=56059.35, close=56059.35)
[I 250624 08:05:01 candle_builder:29] Candle Candle(time=datetime.datetime(2025, 6, 24, 8, 0), open=56059.35, high=56059.35, low=56059.35, close=56059.35)
[I 250624 08:10:01 candle_builder:29] Candle Candle(time=datetime.datetime(2025, 6, 24, 8, 5), open=56059.35, high=56059.35, low=56059.35, close=56059.35)
[W 250624 08:11:09 websocket:56] WebSocket closed
[I 250624 08:21:52 websocket:47] WebSocket opened
[I 250624 08:25:01 candle_builder:29] Candle Candle(time=datetime.datetime(2025, 6, 24, 8, 20), open=56059.35, high=56059.35, low=56059.35, close=56059.35)
[W 250624 08:26:05 websocket:56] WebSocket closed
[I 250624 08:29:26 websocket:47] WebSocket opened
[I 250624 08:30:01 candle_builder:29] Candle Candle(time=datetime.datetime(2025, 6, 24, 8, 25), open=56059.35, high=56059.35, low=56059.35, close=56059.35)
[I 250624 08:35:01 candle_builder:29] Candle Candle(time=datetime.datetime(2025, 6, 24, 8, 30), open=56059.35, high=56059.35, low=56059.35, close=56059.35)
[I 250624 08:40:01 candle_builder:29] Candle Candle(time=datetime.datetime(2025, 6, 24, 8, 35), open=56059.35, high=56059.35, low=56059.35, close=56059.35)
[I 250624 08:45:01 candle_builder:29] Candle Candle(time=datetime.datetime(2025, 6, 24, 8, 40), open=56059.35, high=56059.35, low=56059.35, close=56059.35)
[I 250624 08:50:01 candle_builder:29] Candle Candle(time=datetime.datetime(2025, 6, 24, 8, 45), open=56059.35, high=56059.35, low=56059.35, close=56059.35)
[I 250624 08:55:01 candle_builder:29] Candle Candle(time=datetime.datetime(2025, 6, 24, 8, 50), open=56059.35, high=56059.35, low=56059.35, close=56059.35)
[I 250624 09:00:01 candle_builder:29] Candle Candle(time=datetime.datetime(2025, 6, 24, 8, 55), open=56059.35, high=56059.35, low=56059.35, close=56059.35)
[I 250624 09:05:01 candle_builder:29] Candle Candle(time=datetime.datetime(2025, 6, 24, 9, 0), open=56059.35, high=56059.35, low=56059.35, close=56059.35)
[I 250624 09:10:01 candle_builder:29] Candle Candle(time=datetime.datetime(2025, 6, 24, 9, 5), open=56059.35, high=56529.45, low=56059.35, close=56529.45)
[I 250624 09:15:01 candle_builder:29] Candle Candle(time=datetime.datetime(2025, 6, 24, 9, 10), open=56529.45, high=56529.45, low=56529.45, close=56529.45)
[I 250624 09:20:01 candle_builder:29] Candle Candle(time=datetime.datetime(2025, 6, 24, 9, 15), open=56529.45, high=56728.0, low=56488.8, close=56692.35)
[I 250624 09:25:01 candle_builder:29] Candle Candle(time=datetime.datetime(2025, 6, 24, 9, 20), open=56701.45, high=56725.15, low=56659.65, close=56684.05)
[I 250624 09:30:01 candle_builder:29] Candle Candle(time=datetime.datetime(2025, 6, 24, 9, 25), open=56685.05, high=56685.05, low=56602.95, close=56613.85)
[I 250624 09:35:01 candle_builder:29] Candle Candle(time=datetime.datetime(2025, 6, 24, 9, 30), open=56614.45, high=56660.5, low=56607.9, close=56660.5)
[I 250624 09:40:01 candle_builder:29] Candle Candle(time=datetime.datetime(2025, 6, 24, 9, 35), open=56658.8, high=56668.2, low=56479.95, close=56540.3)
[I 250624 09:45:01 candle_builder:29] Candle Candle(time=datetime.datetime(2025, 6, 24, 9, 40), open=56543.6, high=56602.35, low=56519.0, close=56557.35)
[I 250624 09:50:01 candle_builder:29] Candle Candle(time=datetime.datetime(2025, 6, 24, 9, 45), open=56556.95, high=56559.05, low=56461.45, close=56510.45)
[I 250624 09:55:01 candle_builder:29] Candle Candle(time=datetime.datetime(2025, 6, 24, 9, 50), open=56506.45, high=56551.25, low=56469.8, close=56534.75)
[I 250624 10:00:01 candle_builder:29] Candle Candle(time=datetime.datetime(2025, 6, 24, 9, 55), open=56534.75, high=56605.05, low=56520.5, close=56567.65)
[I 250624 10:05:01 candle_builder:29] Candle Candle(time=datetime.datetime(2025, 6, 24, 10, 0), open=56568.75, high=56633.6, low=56568.3, close=56583.9)
[I 250624 10:10:01 candle_builder:29] Candle Candle(time=datetime.datetime(2025, 6, 24, 10, 5), open=56583.35, high=56604.75, low=56545.8, close=56582.45)
[I 250624 10:15:01 candle_builder:29] Candle Candle(time=datetime.datetime(2025, 6, 24, 10, 10), open=56581.95, high=56640.75, low=56574.1, close=56619.6)
[I 250624 10:20:01 candle_builder:29] Candle Candle(time=datetime.datetime(2025, 6, 24, 10, 15), open=56620.65, high=56708.15, low=56620.65, close=56639.25)
[I 250624 10:25:01 candle_builder:29] Candle Candle(time=datetime.datetime(2025, 6, 24, 10, 20), open=56640.95, high=56642.95, low=56582.2, close=56590.75)
[I 250624 10:30:01 candle_builder:29] Candle Candle(time=datetime.datetime(2025, 6, 24, 10, 25), open=56591.15, high=56625.9, low=56571.05, close=56618.55)
[I 250624 10:35:01 candle_builder:29] Candle Candle(time=datetime.datetime(2025, 6, 24, 10, 30), open=56623.45, high=56655.85, low=56587.65, close=56589.25)
[I 250624 10:40:01 candle_builder:29] Candle Candle(time=datetime.datetime(2025, 6, 24, 10, 35), open=56593.3, high=56618.65, low=56582.75, close=56603.9)
[I 250624 10:45:01 candle_builder:29] Candle Candle(time=datetime.datetime(2025, 6, 24, 10, 40), open=56601.5, high=56626.3, low=56562.6, close=56596.25)
[I 250624 10:50:01 candle_builder:29] Candle Candle(time=datetime.datetime(2025, 6, 24, 10, 45), open=56598.0, high=56600.3, low=56545.55, close=56552.55)
[I 250624 10:55:01 candle_builder:29] Candle Candle(time=datetime.datetime(2025, 6, 24, 10, 50), open=56552.15, high=56598.4, low=56487.2, close=56591.2)
[I 250624 11:00:01 candle_builder:29] Candle Candle(time=datetime.datetime(2025, 6, 24, 10, 55), open=56587.75, high=56623.7, low=56564.6, close=56608.25)
[I 250624 11:05:01 candle_builder:29] Candle Candle(time=datetime.datetime(2025, 6, 24, 11, 0), open=56608.25, high=56648.9, low=56592.35, close=56637.55)
[I 250624 11:10:01 candle_builder:29] Candle Candle(time=datetime.datetime(2025, 6, 24, 11, 5), open=56635.5, high=56711.85, low=56630.05, close=56688.45)
[I 250624 11:15:01 candle_builder:29] Candle Candle(time=datetime.datetime(2025, 6, 24, 11, 10), open=56685.4, high=56705.75, low=56661.0, close=56692.8)
[I 250624 11:20:01 candle_builder:29] Candle Candle(time=datetime.datetime(2025, 6, 24, 11, 15), open=56691.75, high=56725.7, low=56653.55, close=56679.2)
[I 250624 11:25:01 candle_builder:29] Candle Candle(time=datetime.datetime(2025, 6, 24, 11, 20), open=56683.95, high=56706.7, low=56666.4, close=56692.8)
[I 250624 11:30:01 candle_builder:29] Candle Candle(time=datetime.datetime(2025, 6, 24, 11, 25), open=56693.35, high=56800.05, low=56689.35, close=56787.35)
[I 250624 11:35:01 candle_builder:29] Candle Candle(time=datetime.datetime(2025, 6, 24, 11, 30), open=56788.45, high=56821.55, low=56755.7, close=56758.45)
[I 250624 11:40:01 candle_builder:29] Candle Candle(time=datetime.datetime(2025, 6, 24, 11, 35), open=56756.35, high=56787.8, low=56749.4, close=56755.45)
[I 250624 11:45:01 candle_builder:29] Candle Candle(time=datetime.datetime(2025, 6, 24, 11, 40), open=56755.45, high=56791.45, low=56752.4, close=56791.45)
[I 250624 11:50:01 candle_builder:29] Candle Candle(time=datetime.datetime(2025, 6, 24, 11, 45), open=56790.25, high=56794.1, low=56747.15, close=56766.75)
[I 250624 11:55:01 candle_builder:29] Candle Candle(time=datetime.datetime(2025, 6, 24, 11, 50), open=56766.35, high=56782.6, low=56762.4, close=56775.6)
[I 250624 12:00:01 candle_builder:29] Candle Candle(time=datetime.datetime(2025, 6, 24, 11, 55), open=56774.85, high=56797.35, low=56769.15, close=56787.15)
[I 250624 12:05:01 candle_builder:29] Candle Candle(time=datetime.datetime(2025, 6, 24, 12, 0), open=56787.6, high=56806.45, low=56777.5, close=56806.3)
[I 250624 12:10:01 candle_builder:29] Candle Candle(time=datetime.datetime(2025, 6, 24, 12, 5), open=56806.55, high=56852.5, low=56804.35, close=56845.45)
[I 250624 12:15:01 candle_builder:29] Candle Candle(time=datetime.datetime(2025, 6, 24, 12, 10), open=56845.45, high=56860.85, low=56811.4, close=56826.2)
[I 250624 12:20:01 candle_builder:29] Candle Candle(time=datetime.datetime(2025, 6, 24, 12, 15), open=56831.3, high=56840.35, low=56767.1, close=56769.3)
[I 250624 12:25:01 candle_builder:29] Candle Candle(time=datetime.datetime(2025, 6, 24, 12, 20), open=56768.05, high=56803.35, low=56759.2, close=56793.35)
[I 250624 12:30:01 candle_builder:29] Candle Candle(time=datetime.datetime(2025, 6, 24, 12, 25), open=56794.1, high=56801.6, low=56674.45, close=56772.55)
[I 250624 12:35:01 candle_builder:29] Candle Candle(time=datetime.datetime(2025, 6, 24, 12, 30), open=56772.15, high=56786.5, low=56749.5, close=56775.65)
[I 250624 12:40:01 candle_builder:29] Candle Candle(time=datetime.datetime(2025, 6, 24, 12, 35), open=56773.45, high=56780.3, low=56650.55, close=56689.0)
[I 250624 12:45:01 candle_builder:29] Candle Candle(time=datetime.datetime(2025, 6, 24, 12, 40), open=56685.75, high=56687.3, low=56488.65, close=56556.3)
[I 250624 12:50:01 candle_builder:29] Candle Candle(time=datetime.datetime(2025, 6, 24, 12, 45), open=56558.4, high=56685.95, low=56534.0, close=56678.05)
[I 250624 12:55:01 candle_builder:29] Candle Candle(time=datetime.datetime(2025, 6, 24, 12, 50), open=56678.1, high=56765.65, low=56676.7, close=56712.85)
[I 250624 13:00:01 candle_builder:29] Candle Candle(time=datetime.datetime(2025, 6, 24, 12, 55), open=56710.45, high=56739.7, low=56679.2, close=56692.35)
[I 250624 13:05:01 candle_builder:29] Candle Candle(time=datetime.datetime(2025, 6, 24, 13, 0), open=56694.3, high=56703.4, low=56587.3, close=56661.15)
[I 250624 13:10:01 candle_builder:29] Candle Candle(time=datetime.datetime(2025, 6, 24, 13, 5), open=56661.35, high=56690.8, low=56634.2, close=56687.8)
[I 250624 13:15:01 candle_builder:29] Candle Candle(time=datetime.datetime(2025, 6, 24, 13, 10), open=56687.45, high=56693.85, low=56566.05, close=56566.05)
[I 250624 13:20:01 candle_builder:29] Candle Candle(time=datetime.datetime(2025, 6, 24, 13, 15), open=56566.45, high=56614.6, low=56543.65, close=56561.9)
[I 250624 13:25:01 candle_builder:29] Candle Candle(time=datetime.datetime(2025, 6, 24, 13, 20), open=56560.5, high=56580.65, low=56435.5, close=56437.95)
[I 250624 13:30:01 candle_builder:29] Candle Candle(time=datetime.datetime(2025, 6, 24, 13, 25), open=56436.5, high=56487.35, low=56433.1, close=56446.8)
[I 250624 13:35:01 candle_builder:29] Candle Candle(time=datetime.datetime(2025, 6, 24, 13, 30), open=56449.8, high=56505.6, low=56327.8, close=56373.0)
[I 250624 13:40:01 candle_builder:29] Candle Candle(time=datetime.datetime(2025, 6, 24, 13, 35), open=56371.2, high=56373.35, low=56285.9, close=56335.75)
[I 250624 13:45:01 candle_builder:29] Candle Candle(time=datetime.datetime(2025, 6, 24, 13, 40), open=56332.35, high=56410.75, low=56317.35, close=56330.55)
[I 250624 13:50:01 candle_builder:29] Candle Candle(time=datetime.datetime(2025, 6, 24, 13, 45), open=56330.8, high=56356.7, low=56278.35, close=56334.05)
[I 250624 13:55:01 candle_builder:29] Candle Candle(time=datetime.datetime(2025, 6, 24, 13, 50), open=56335.0, high=56409.45, low=56331.2, close=56408.95)
[I 250624 14:00:01 candle_builder:29] Candle Candle(time=datetime.datetime(2025, 6, 24, 13, 55), open=56407.5, high=56425.2, low=56355.55, close=56420.1)
[I 250624 14:05:01 candle_builder:29] Candle Candle(time=datetime.datetime(2025, 6, 24, 14, 0), open=56417.75, high=56437.8, low=56330.95, close=56332.2)
[I 250624 14:10:01 candle_builder:29] Candle Candle(time=datetime.datetime(2025, 6, 24, 14, 5), open=56331.65, high=56358.8, low=56282.8, close=56340.4)
[I 250624 14:15:01 candle_builder:29] Candle Candle(time=datetime.datetime(2025, 6, 24, 14, 10), open=56339.9, high=56382.65, low=56312.25, close=56370.65)
[I 250624 14:20:01 candle_builder:29] Candle Candle(time=datetime.datetime(2025, 6, 24, 14, 15), open=56372.0, high=56398.3, low=56349.7, close=56387.7)
[I 250624 14:25:01 candle_builder:29] Candle Candle(time=datetime.datetime(2025, 6, 24, 14, 20), open=56387.55, high=56415.55, low=56351.8, close=56392.5)
[I 250624 14:30:01 candle_builder:29] Candle Candle(time=datetime.datetime(2025, 6, 24, 14, 25), open=56392.35, high=56409.1, low=56352.05, close=56405.25)
[I 250624 14:35:01 candle_builder:29] Candle Candle(time=datetime.datetime(2025, 6, 24, 14, 30), open=56404.95, high=56474.15, low=56402.3, close=56424.1)
[I 250624 14:40:01 candle_builder:29] Candle Candle(time=datetime.datetime(2025, 6, 24, 14, 35), open=56423.95, high=56454.9, low=56403.25, close=56453.25)
[I 250624 14:45:01 candle_builder:29] Candle Candle(time=datetime.datetime(2025, 6, 24, 14, 40), open=56452.0, high=56492.4, low=56437.55, close=56468.3)
[I 250624 14:50:01 candle_builder:29] Candle Candle(time=datetime.datetime(2025, 6, 24, 14, 45), open=56467.55, high=56486.75, low=56422.05, close=56463.35)
[I 250624 14:55:01 candle_builder:29] Candle Candle(time=datetime.datetime(2025, 6, 24, 14, 50), open=56461.75, high=56473.7, low=56434.2, close=56472.5)
[I 250624 15:00:01 candle_builder:29] Candle Candle(time=datetime.datetime(2025, 6, 24, 14, 55), open=56470.9, high=56513.35, low=56409.7, close=56442.95)
[I 250624 15:05:01 candle_builder:29] Candle Candle(time=datetime.datetime(2025, 6, 24, 15, 0), open=56444.05, high=56487.6, low=56433.7, close=56451.8)
[I 250624 15:10:01 candle_builder:29] Candle Candle(time=datetime.datetime(2025, 6, 24, 15, 5), open=56455.85, high=56490.45, low=56433.15, close=56489.6)
[I 250624 15:15:01 candle_builder:29] Candle Candle(time=datetime.datetime(2025, 6, 24, 15, 10), open=56485.6, high=56485.6, low=56442.85, close=56457.65)
[I 250624 15:20:01 candle_builder:29] Candle Candle(time=datetime.datetime(2025, 6, 24, 15, 15), open=56457.75, high=56473.05, low=56441.55, close=56468.15)
[I 250624 15:25:01 candle_builder:29] Candle Candle(time=datetime.datetime(2025, 6, 24, 15, 20), open=56468.8, high=56491.2, low=56458.2, close=56490.85)
[I 250624 15:30:02 candle_builder:29] Candle Candle(time=datetime.datetime(2025, 6, 24, 15, 25), open=56492.15, high=56506.65, low=56440.8, close=56471.4)
[I 250624 15:35:00 candle_builder:29] Candle Candle(time=datetime.datetime(2025, 6, 24, 15, 30), open=56471.4, high=56471.4, low=56461.9, close=56461.9)
[I 250624 15:40:02 candle_builder:29] Candle Candle(time=datetime.datetime(2025, 6, 24, 15, 35), open=56461.9, high=56461.9, low=56461.9, close=56461.9)
[I 250624 15:45:01 candle_builder:29] Candle Candle(time=datetime.datetime(2025, 6, 24, 15, 40), open=56461.9, high=56461.9, low=56461.9, close=56461.9)
[I 250624 15:50:01 candle_builder:29] Candle Candle(time=datetime.datetime(2025, 6, 24, 15, 45), open=56461.9, high=56461.9, low=56461.9, close=56461.9)
[I 250624 15:55:01 candle_builder:29] Candle Candle(time=datetime.datetime(2025, 6, 24, 15, 50), open=56461.9, high=56461.9, low=56461.9, close=56461.9)
[I 250624 16:00:01 candle_builder:29] Candle Candle(time=datetime.datetime(2025, 6, 24, 15, 55), open=56461.9, high=56461.9, low=56461.9, close=56461.9)
[I 250624 16:05:01 candle_builder:29] Candle Candle(time=datetime.datetime(2025, 6, 24, 16, 0), open=56461.9, high=56461.9, low=56461.9, close=56461.9)
[I 250624 16:10:01 candle_builder:29] Candle Candle(time=datetime.datetime(2025, 6, 24, 16, 5), open=56461.9, high=56461.9, low=56461.9, close=56461.9)
[W 250624 19:32:23 websocket:56] WebSocket closed
